<?xml version="1.0" encoding="UTF-8"?>
<!-- Generated by org.testng.reporters.JUnitReportReporter -->
<testsuite hostname="DESKTOP-VDUAOBV" failures="0" tests="5" name="API.EndPoint_Task.Task_EndPoints" time="4.044" errors="0" timestamp="2024-03-13T11:12:13 IST" skipped="0">
  <testcase classname="API.EndPoint_Task.Task_EndPoints" name="Verify_AssignTask" time="2.083"/>
  <system-out/>
  <testcase classname="API.EndPoint_Task.Task_EndPoints" name="Verify_ReviewTask" time="0.358"/>
  <system-out/>
  <testcase classname="API.EndPoint_Task.Task_EndPoints" name="Verify_CompletedTask" time="0.366"/>
  <system-out/>
  <testcase classname="API.EndPoint_Task.Task_EndPoints" name="Verify_GetTaskstatus" time="0.332"/>
  <system-out/>
  <testcase classname="API.EndPoint_Task.Task_EndPoints" name="Verify_GetTaskEmpId" time="0.905"/>
  <system-out/>
</testsuite> <!-- API.EndPoint_Task.Task_EndPoints -->
