<?xml version="1.0" encoding="UTF-8"?>
<!-- Generated by org.testng.reporters.JUnitReportReporter -->
<testsuite hostname="DESKTOP-VDUAOBV" failures="0" tests="9" name="API.EndPoint_Project.Project_EndPoints" time="3.161" errors="0" timestamp="2024-03-11T13:01:03 IST" skipped="0">
  <testcase classname="API.EndPoint_Project.Project_EndPoints" name="CheckAPI" time="0.001"/>
  <system-out/>
  <testcase classname="API.EndPoint_Project.Project_EndPoints" name="Verify_addproject" time="0.350"/>
  <system-out/>
  <testcase classname="API.EndPoint_Project.Project_EndPoints" name="Verify_Updateproject" time="0.316"/>
  <system-out/>
  <testcase classname="API.EndPoint_Project.Project_EndPoints" name="Verify_Searchproject" time="0.341"/>
  <system-out/>
  <testcase classname="API.EndPoint_Project.Project_EndPoints" name="Verify_assignEmployee" time="0.327"/>
  <system-out/>
  <testcase classname="API.EndPoint_Project.Project_EndPoints" name="Verify_assignall" time="0.319"/>
  <system-out/>
  <testcase classname="API.EndPoint_Project.Project_EndPoints" name="Verify_getallproject" time="0.303"/>
  <system-out/>
  <testcase classname="API.EndPoint_Project.Project_EndPoints" name="Verify_removeemployee" time="0.876"/>
  <system-out/>
  <testcase classname="API.EndPoint_Project.Project_EndPoints" name="Verify_removeMultipleemployee" time="0.328"/>
  <system-out/>
</testsuite> <!-- API.EndPoint_Project.Project_EndPoints -->
