<?xml version="1.0" encoding="UTF-8"?>
<!-- Generated by org.testng.reporters.JUnitReportReporter -->
<testsuite hostname="DESKTOP-VDUAOBV" failures="0" tests="5" name="API.EndPoint_Leave.Leave_EndPoints" time="2.886" errors="0" timestamp="2024-03-11T13:01:03 IST" skipped="0">
  <testcase classname="API.EndPoint_Leave.Leave_EndPoints" name="Verify_Createleave" time="1.500"/>
  <system-out/>
  <testcase classname="API.EndPoint_Leave.Leave_EndPoints" name="Verify_Approveleave" time="0.367"/>
  <system-out/>
  <testcase classname="API.EndPoint_Leave.Leave_EndPoints" name="Verify_Updateleave" time="0.313"/>
  <system-out/>
  <testcase classname="API.EndPoint_Leave.Leave_EndPoints" name="Verify_Rejectleave" time="0.358"/>
  <system-out/>
  <testcase classname="API.EndPoint_Leave.Leave_EndPoints" name="Verify_Deleteleave" time="0.348"/>
  <system-out/>
</testsuite> <!-- API.EndPoint_Leave.Leave_EndPoints -->
