<?xml version="1.0" encoding="UTF-8"?>
<!-- Generated by org.testng.reporters.JUnitReportReporter -->
<testsuite hostname="DESKTOP-VDUAOBV" failures="0" tests="1" name="API.EndPoint_User.User_EndPoints" time="2.512" errors="0" timestamp="2024-03-05T22:54:17 IST" skipped="0">
  <testcase classname="API.EndPoint_User.User_EndPoints" name="Verify_AddUser" time="2.512"/>
  <system-out/>
</testsuite> <!-- API.EndPoint_User.User_EndPoints -->
