<?xml version="1.0" encoding="UTF-8"?>
<!-- Generated by org.testng.reporters.JUnitReportReporter -->
<testsuite hostname="DESKTOP-VDUAOBV" failures="0" tests="2" name="API.EndPoint_ALL.AllAPI_EndPoints" time="3.914" errors="0" timestamp="2024-03-01T22:51:59 IST" skipped="0">
  <testcase classname="API.EndPoint_ALL.AllAPI_EndPoints" name="Verify_Login" time="2.897"/>
  <system-out/>
  <testcase classname="API.EndPoint_ALL.AllAPI_EndPoints" name="Verify_UserToken" time="1.017"/>
  <system-out/>
</testsuite> <!-- API.EndPoint_ALL.AllAPI_EndPoints -->
