<?xml version="1.0" encoding="UTF-8"?>
<!-- Generated by org.testng.reporters.JUnitReportReporter -->
<testsuite hostname="DESKTOP-VDUAOBV" failures="0" tests="1" name="API.EndPoint_ALL.Endpoints_users" time="3.042" errors="0" timestamp="2024-03-01T22:16:40 IST" skipped="0">
  <testcase classname="API.EndPoint_ALL.Endpoints_users" name="Verify_Adduser" time="3.042"/>
  <system-out/>
</testsuite> <!-- API.EndPoint_ALL.Endpoints_users -->
