<?xml version="1.0" encoding="UTF-8"?>
<!-- Generated by org.testng.reporters.JUnitReportReporter -->
<testsuite hostname="DESKTOP-VDUAOBV" failures="0" tests="6" name="API.EndPoint_Department.Department_EndPoints" time="3.771" errors="0" timestamp="2024-03-11T13:01:03 IST" skipped="0">
  <testcase classname="API.EndPoint_Department.Department_EndPoints" name="Bearer" time="0.708"/>
  <system-out/>
  <testcase classname="API.EndPoint_Department.Department_EndPoints" name="Verify_AddDepartment" time="1.019"/>
  <system-out/>
  <testcase classname="API.EndPoint_Department.Department_EndPoints" name="Verify_UpdateDepartment" time="0.336"/>
  <system-out/>
  <testcase classname="API.EndPoint_Department.Department_EndPoints" name="Verify_GetallDepartment" time="0.335"/>
  <system-out/>
  <testcase classname="API.EndPoint_Department.Department_EndPoints" name="Verify_GetallEmpDepartment" time="0.317"/>
  <system-out/>
  <testcase classname="API.EndPoint_Department.Department_EndPoints" name="Verify_DeleteDepartment" time="1.056"/>
  <system-out/>
</testsuite> <!-- API.EndPoint_Department.Department_EndPoints -->
