<?xml version="1.0" encoding="UTF-8"?>
<!-- Generated by org.testng.reporters.JUnitReportReporter -->
<testsuite hostname="DESKTOP-VDUAOBV" failures="0" tests="1" name="API.EndPoint_USER.AllAPI_EndPoints" time="240.719" errors="0" timestamp="2024-03-01T14:16:16 IST" skipped="0">
  <testcase classname="API.EndPoint_USER.AllAPI_EndPoints" name="Verify_Login" time="240.719"/>
  <system-out/>
</testsuite> <!-- API.EndPoint_USER.AllAPI_EndPoints -->
